nohup: ignoring input
/home/yangjun/lloyd/venv/lib/python3.10/site-packages/torch/cuda/__init__.py:174: UserWarning: CUDA initialization: The NVIDIA driver on your system is too old (found version 11040). Please update your GPU driver by downloading and installing a new version from the URL: http://www.nvidia.com/Download/index.aspx Alternatively, go to: https://pytorch.org to install a PyTorch version that has been compiled with your version of the CUDA driver. (Triggered internally at /pytorch/c10/cuda/CUDAFunctions.cpp:109.)
  return torch._C._cuda_getDeviceCount() > 0
Loading training data...
Training data shape: (14392, 42)
Test data shape: (3599, 42)
Number of classes: 9
Classes: ['090_Tm_11.5_HS_3.5' '090_Tm_7.5_HS_3.5' '090_Tm_9.5_HS_3.5'
 '135_Tm_11.5_HS_3.5' '135_Tm_7.5_HS_3.5' '135_Tm_9.5_HS_3.5'
 '180_Tm_11.5_HS_3.5' '180_Tm_7.5_HS_3.5' '180_Tm_9.5_HS_3.5']

Preparing data for LSTM...
LSTM training data shape: (14392, 7, 6)
LSTM test data shape: (3599, 7, 6)

Creating Bi-LSTM model...
Model parameters: 38,025

Training model...
Using device: cpu
Epoch [1/10], Train Loss: 1.2228, Val Loss: 0.9602
Epoch [2/10], Train Loss: 0.8824, Val Loss: 0.8580
Epoch [3/10], Train Loss: 0.8290, Val Loss: 0.8343
Epoch [4/10], Train Loss: 0.8141, Val Loss: 0.8059
Epoch [5/10], Train Loss: 0.7937, Val Loss: 0.8111
Epoch [6/10], Train Loss: 0.7759, Val Loss: 0.8172
Epoch [7/10], Train Loss: 0.7693, Val Loss: 0.7894
Epoch [8/10], Train Loss: 0.7562, Val Loss: 0.7681
Epoch [9/10], Train Loss: 0.7453, Val Loss: 0.7946
Epoch [10/10], Train Loss: 0.7386, Val Loss: 0.7773

Evaluating model...

Test Accuracy: 0.6607

Classification Report:
                    precision    recall  f1-score   support

090_Tm_11.5_HS_3.5       0.64      0.54      0.59       400
 090_Tm_7.5_HS_3.5       0.72      0.62      0.67       400
 090_Tm_9.5_HS_3.5       0.45      0.56      0.50       400
135_Tm_11.5_HS_3.5       0.81      0.42      0.55       400
 135_Tm_7.5_HS_3.5       0.63      0.96      0.76       400
 135_Tm_9.5_HS_3.5       0.55      0.56      0.55       400
180_Tm_11.5_HS_3.5       0.69      0.73      0.71       400
 180_Tm_7.5_HS_3.5       0.87      0.98      0.92       399
 180_Tm_9.5_HS_3.5       0.72      0.56      0.63       400

          accuracy                           0.66      3599
         macro avg       0.68      0.66      0.65      3599
      weighted avg       0.68      0.66      0.65      3599

Training history saved to training_history_pytorch.png
Model saved to bilstm_model_pytorch.pth

==================================================
TRAINING COMPLETED
==================================================
Test Accuracy: 0.6607
Model saved as: bilstm_model_pytorch.pth
Results saved as: model_results_pytorch.json
Plot saved as: training_history_pytorch.png
==================================================
